app/proguard.cfg
-dontusemixedcaseclassnames
-dontskipnonpubliclibraryclasses
-verbose
-dontwarn org.xmlpull.v1.**
-dontwarn com.zebra.sdk.**
-dontnote org.xmlpull.v1.**
-dontoptimize

-keep public class * extends android.app.Activity


-keep class com.zebra.** {
  public protected private *;
}

-keep class com.pdfjet.** {
  public protected private *;
}
-keep class java.** { *; }
-keep class org.** { *;}
-keep class javax.** { *; }
-keepclasseswithmembernames class * {
    native <methods>;
}

-keepclasseswithmembers class * {
    public <init>(android.content.Context, android.util.AttributeSet);
}

-keepclasseswithmembers class * {
    public <init>(android.content.Context, android.util.AttributeSet, int);
}

-keepclassmembers class * extends android.app.Activity {
   public void *(android.view.View);
}

-keepclassmembers enum * {
    public static **[] values();
    public static ** valueOf(java.lang.String);
}

-keep class * implements android.os.Parcelable {
  public static final android.os.Parcelable$Creator *;
}

-dontwarn com.itextpdf.**

-dontwarn android.support.v4.**