app/build/outputs/mapping/release/mapping.txt
# compiler: R8
# compiler_version: 1.4.94
# min_api: 19
com.menadinteractive.folliet2016.AppBundle -> com.menadinteractive.folliet2016.a:
    android.os.Bundle bundle -> a
    java.lang.String getAccesDirect() -> a
    java.lang.String getAdresseClient() -> b
    java.lang.String getApplicationKey() -> c
    java.lang.String getApplicationName() -> d
    android.os.Bundle getBundle() -> e
    java.lang.String getCodeClient() -> f
    java.lang.String getNameClient() -> g
com.menadinteractive.folliet2016.BaseActivity -> com.menadinteractive.folliet2016.BaseActivity:
    com.menadinteractive.folliet2016.AppBundle appBundle -> e
    com.menadinteractive.folliet2016.app m_appState -> f
    int minver -> g
    java.lang.String packageName -> a
    long itemId -> d
    java.lang.String intentAction -> c
    android.net.Uri intentUri -> b
    void HHMM_to_TimePicker(android.app.Activity,int,java.lang.String) -> a
    void HHMM_to_TimePicker(android.widget.TimePicker,java.lang.String) -> a
    void LaunchComment(java.lang.String,java.lang.String,int,java.lang.String) -> a
    void LaunchFacturesDues() -> a
    java.lang.String TimePicker_to_HHMM(android.app.Activity,int) -> a
    android.view.MenuItem addMenu(android.view.Menu,int,int) -> a
    void cancelFindNearestPOI(android.os.Handler,int) -> a
    boolean checkDANEMBR(android.app.Activity) -> a
    java.lang.String getBundleValue(android.os.Bundle,java.lang.String) -> a
    int getSpinnerSelectedIdx(android.widget.Spinner) -> a
    java.lang.String getStringVersion(android.content.Context,java.lang.StringBuffer) -> a
    void go_carto(java.lang.String) -> a
    void hideKeyb(android.widget.EditText) -> a
    void launchAutres(java.lang.String,java.lang.String,java.lang.String,java.lang.String,java.lang.String) -> a
com.menadinteractive.folliet2016.BaseActivity$1 -> com.menadinteractive.folliet2016.b:
    android.app.Dialog val$dialog -> a
    boolean val$finishAct -> b
    com.menadinteractive.folliet2016.BaseActivity this$0 -> c
com.menadinteractive.folliet2016.DashboardActivity -> com.menadinteractive.folliet2016.DashboardActivity:
    android.content.Context mContext -> A
    android.widget.TextView tvSynchro -> n
    com.menadinteractive.folliet2016.ExternalStorage externalStorage -> z
    android.app.ProgressDialog mProgressDialog -> u
    android.app.Activity mActivity -> y
    java.lang.String codeagent -> j
    com.menadinteractive.segafredo.db.dbSiteListeLogin$structlistLogin rep -> w
    boolean bMapsActivity -> v
    boolean doubleBackToExitPressedOnce -> t
    android.app.ProgressDialog m_ProgressDialog -> i
    java.lang.String stypeagent -> x
    android.widget.ListView myListView -> m
    android.widget.ProgressBar pb -> q
    android.os.Handler handler -> B
    android.widget.LinearLayout llSynchro -> l
    android.os.Handler hSync -> o
    com.menadinteractive.folliet2016.DashboardActivity$listAdapter m_adapter -> h
    android.widget.TextView tvVersion -> k
    int numberOfClients -> r
    int numberOfGeocodedClients -> s
    int nbrDataToSend -> p
    void initListerners() -> A
    void launchSuiviMarchandise() -> B
    void launchTarif() -> C
    void launchTournee() -> D
    void restoreDB() -> E
    void PopulateList() -> F
    void copyAssets() -> G
    void AlertMessage(java.lang.String,boolean) -> a
    android.app.ProgressDialog access$100(com.menadinteractive.folliet2016.DashboardActivity) -> a
com.menadinteractive.folliet2016.DashboardActivity$1 -> com.menadinteractive.folliet2016.f:
    com.menadinteractive.folliet2016.DashboardActivity this$0 -> a
com.menadinteractive.folliet2016.DashboardActivity$10 -> com.menadinteractive.folliet2016.d:
    com.menadinteractive.folliet2016.DashboardActivity this$0 -> a
com.menadinteractive.folliet2016.DashboardActivity$10$1 -> com.menadinteractive.folliet2016.c:
    com.menadinteractive.folliet2016.DashboardActivity$10 this$1 -> a
    void onTerminated() -> a
...
com.google.android.gms.common.internal.zzr$zza -> com.google.android.gms.common.internal.S:
    com.google.android.gms.common.internal.zzr zzbr(android.os.IBinder) -> a
com.google.android.gms.common.internal.zzr$zza$zza -> com.google.android.gms.common.internal.Q:
    android.os.IBinder zzrk -> a
    android.accounts.Account getAccount() -> h
com.google.android.gms.common.internal.zzs -> com.google.android.gms.common.internal.U:
com.google.android.gms.common.internal.zzt -> com.google.android.gms.common.internal.W:
    int zzvb() -> k
    com.google.android.gms.dynamic.IObjectWrapper zzva() -> l
com.google.android.gms.common.internal.zzt$zza -> com.google.android.gms.common.internal.V:
com.google.android.gms.common.internal.zzu -> com.google.android.gms.common.internal.Y:
    void zza(int,android.os.IBinder,android.os.Bundle) -> a
    void zzb(int,android.os.Bundle) -> b
com.google.android.gms.common.internal.zzu$zza -> com.google.android.gms.common.internal.X:
com.google.android.gms.common.internal.zzv -> com.google.android.gms.common.internal.ba:
    void zza(com.google.android.gms.common.internal.zzu,com.google.android.gms.common.internal.zzj) -> a
com.google.android.gms.common.internal.zzv$zza -> com.google.android.gms.common.internal.aa:
    com.google.android.gms.common.internal.zzv zzbu(android.os.IBinder) -> a
com.google.android.gms.common.internal.zzv$zza$zza -> com.google.android.gms.common.internal.Z:
    android.os.IBinder zzrk -> a
    void zza(com.google.android.gms.common.internal.zzu,com.google.android.gms.common.internal.zzj) -> a
com.google.android.gms.common.internal.zzy -> com.google.android.gms.common.internal.ea:
    com.google.android.gms.dynamic.IObjectWrapper zza(com.google.android.gms.dynamic.IObjectWrapper,com.google.android.gms.common.internal.zzah) -> a
com.google.android.gms.common.internal.zzy$zza -> com.google.android.gms.common.internal.da:
    com.google.android.gms.common.internal.zzy zzbx(android.os.IBinder) -> a
com.google.android.gms.common.internal.zzy$zza$zza -> com.google.android.gms.common.internal.ca:
    android.os.IBinder zzrk -> a
    com.google.android.gms.dynamic.IObjectWrapper zza(com.google.android.gms.dynamic.IObjectWrapper,com.google.android.gms.common.internal.zzah) -> a
com.google.android.gms.common.internal.zzz -> com.google.android.gms.common.internal.fa:
    int zzaGu -> d
    java.lang.Object zztX -> a
    java.lang.String zzaGt -> c
    boolean zzQm -> b
    int zzaW(android.content.Context) -> a
    void zzaX(android.content.Context) -> b
com.google.android.gms.common.server.FavaDiagnosticsEntity -> com.google.android.gms.common.server.FavaDiagnosticsEntity:
    java.lang.String zzaGP -> b
    int zzaGQ -> c
    int zzaiI -> a
com.google.android.gms.common.server.zza -> com.google.android.gms.common.server.a:
    void zza(com.google.android.gms.common.server.FavaDiagnosticsEntity,android.os.Parcel,int) -> a
    com.google.android.gms.common.server.FavaDiagnosticsEntity zzba(android.os.Parcel) -> a
    com.google.android.gms.common.server.FavaDiagnosticsEntity[] zzde(int) -> a
com.google.android.gms.common.stats.StatsEvent -> com.google.android.gms.common.stats.StatsEvent:
    int getEventType() -> b
    long getTimeMillis() -> c
    long zzyK() -> d
    java.lang.String zzyL() -> e